# JRE version: Java(TM) SE Runtime Environment 18.9 (11.0.10+8) (build 11.0.10+8-LTS-162)
# Java VM: Java HotSpot(TM) 64-Bit Server VM 18.9 (11.0.10+8-LTS-162, mixed mode, tiered, compressed oops, g1 gc, windows-amd64)
Heap:
 garbage-first heap   total 129024K, used 47337K [0x00000000c0000000, 0x0000000100000000)
  region size 1024K, 11 young (11264K), 2 survivors (2048K)
 Metaspace       used 49845K, capacity 51395K, committed 51964K, reserved 1095680K
  class space    used 5160K, capacity 5840K, committed 5964K, reserved 1048576K
GC Heap History (10 events):
Event: 388.868 GC heap before
{Heap before GC invocations=17 (full 0):
 garbage-first heap   total 129024K, used 116724K [0x00000000c0000000, 0x0000000100000000)
  region size 1024K, 69 young (70656K), 5 survivors (5120K)
 Metaspace       used 49792K, capacity 51446K, committed 51708K, reserved 1095680K
  class space    used 5209K, capacity 5945K, committed 5964K, reserved 1048576K
}
Event: 388.873 GC heap after
{Heap after GC invocations=18 (full 0):
 garbage-first heap   total 129024K, used 52602K [0x00000000c0000000, 0x0000000100000000)
  region size 1024K, 5 young (5120K), 5 survivors (5120K)
 Metaspace       used 49792K, capacity 51446K, committed 51708K, reserved 1095680K
  class space    used 5209K, capacity 5945K, committed 5964K, reserved 1048576K
}
Event: 389.199 GC heap before
{Heap before GC invocations=18 (full 0):
 garbage-first heap   total 129024K, used 73082K [0x00000000c0000000, 0x0000000100000000)
  region size 1024K, 18 young (18432K), 5 survivors (5120K)
 Metaspace       used 49840K, capacity 51510K, committed 51708K, reserved 1095680K
  class space    used 5209K, capacity 5945K, committed 5964K, reserved 1048576K
}
Event: 389.205 GC heap after
{Heap after GC invocations=19 (full 0):
 garbage-first heap   total 129024K, used 48072K [0x00000000c0000000, 0x0000000100000000)
  region size 1024K, 2 young (2048K), 2 survivors (2048K)
 Metaspace       used 49840K, capacity 51510K, committed 51708K, reserved 1095680K
  class space    used 5209K, capacity 5945K, committed 5964K, reserved 1048576K
}
Event: 391.411 GC heap before
{Heap before GC invocations=20 (full 0):
 garbage-first heap   total 129024K, used 86984K [0x00000000c0000000, 0x0000000100000000)
  region size 1024K, 32 young (32768K), 2 survivors (2048K)
 Metaspace       used 49959K, capacity 51638K, committed 51708K, reserved 1095680K
  class space    used 5210K, capacity 5945K, committed 5964K, reserved 1048576K
}
Event: 391.413 GC heap after
{Heap after GC invocations=21 (full 0):
 garbage-first heap   total 129024K, used 46900K [0x00000000c0000000, 0x0000000100000000)
  region size 1024K, 3 young (3072K), 3 survivors (3072K)
 Metaspace       used 49959K, capacity 51638K, committed 51708K, reserved 1095680K
  class space    used 5210K, capacity 5945K, committed 5964K, reserved 1048576K
}
Event: 391.709 GC heap before
{Heap before GC invocations=22 (full 0):
 garbage-first heap   total 129024K, used 71476K [0x00000000c0000000, 0x0000000100000000)
  region size 1024K, 17 young (17408K), 3 survivors (3072K)
 Metaspace       used 49780K, capacity 51328K, committed 51708K, reserved 1095680K
  class space    used 5155K, capacity 5839K, committed 5964K, reserved 1048576K
}
Event: 391.712 GC heap after
{Heap after GC invocations=23 (full 0):
 garbage-first heap   total 129024K, used 49867K [0x00000000c0000000, 0x0000000100000000)
  region size 1024K, 3 young (3072K), 3 survivors (3072K)
 Metaspace       used 49780K, capacity 51328K, committed 51708K, reserved 1095680K
  class space    used 5155K, capacity 5839K, committed 5964K, reserved 1048576K
}
Event: 405.051 GC heap before
{Heap before GC invocations=24 (full 0):
 garbage-first heap   total 129024K, used 109259K [0x00000000c0000000, 0x0000000100000000)
  region size 1024K, 59 young (60416K), 3 survivors (3072K)
 Metaspace       used 49791K, capacity 51328K, committed 51708K, reserved 1095680K
  class space    used 5155K, capacity 5839K, committed 5964K, reserved 1048576K
}
Event: 405.055 GC heap after
{Heap after GC invocations=25 (full 0):
 garbage-first heap   total 129024K, used 40169K [0x00000000c0000000, 0x0000000100000000)
  region size 1024K, 2 young (2048K), 2 survivors (2048K)
 Metaspace       used 49791K, capacity 51328K, committed 51708K, reserved 1095680K
  class space    used 5155K, capacity 5839K, committed 5964K, reserved 1048576K
}

