# JRE version: Java(TM) SE Runtime Environment 18.9 (11.0.10+8) (build 11.0.10+8-LTS-162)
# Java VM: Java HotSpot(TM) 64-Bit Server VM 18.9 (11.0.10+8-LTS-162, mixed mode, tiered, compressed oops, g1 gc, windows-amd64)
Heap:
 garbage-first heap   total 129024K, used 61414K [0x00000000c0000000, 0x0000000100000000)
  region size 1024K, 26 young (26624K), 5 survivors (5120K)
 Metaspace       used 44542K, capacity 45882K, committed 46152K, reserved 1091584K
  class space    used 4342K, capacity 4929K, committed 5016K, reserved 1048576K
GC Heap History (10 events):
Event: 195.455 GC heap before
{Heap before GC invocations=20 (full 0):
 garbage-first heap   total 129024K, used 116043K [0x00000000c0000000, 0x0000000100000000)
  region size 1024K, 61 young (62464K), 4 survivors (4096K)
 Metaspace       used 43339K, capacity 44218K, committed 44336K, reserved 1089536K
  class space    used 4093K, capacity 4474K, committed 4480K, reserved 1048576K
}
Event: 195.459 GC heap after
{Heap after GC invocations=21 (full 0):
 garbage-first heap   total 129024K, used 49047K [0x00000000c0000000, 0x0000000100000000)
  region size 1024K, 4 young (4096K), 4 survivors (4096K)
 Metaspace       used 43339K, capacity 44218K, committed 44336K, reserved 1089536K
  class space    used 4093K, capacity 4474K, committed 4480K, reserved 1048576K
}
Event: 196.037 GC heap before
{Heap before GC invocations=21 (full 0):
 garbage-first heap   total 129024K, used 111511K [0x00000000c0000000, 0x0000000100000000)
  region size 1024K, 62 young (63488K), 4 survivors (4096K)
 Metaspace       used 43410K, capacity 44352K, committed 44592K, reserved 1089536K
  class space    used 4094K, capacity 4475K, committed 4480K, reserved 1048576K
}
Event: 196.041 GC heap after
{Heap after GC invocations=22 (full 0):
 garbage-first heap   total 129024K, used 46508K [0x00000000c0000000, 0x0000000100000000)
  region size 1024K, 5 young (5120K), 5 survivors (5120K)
 Metaspace       used 43410K, capacity 44352K, committed 44592K, reserved 1089536K
  class space    used 4094K, capacity 4475K, committed 4480K, reserved 1048576K
}
Event: 196.699 GC heap before
{Heap before GC invocations=22 (full 0):
 garbage-first heap   total 129024K, used 113068K [0x00000000c0000000, 0x0000000100000000)
  region size 1024K, 64 young (65536K), 5 survivors (5120K)
 Metaspace       used 43431K, capacity 44352K, committed 44592K, reserved 1089536K
  class space    used 4094K, capacity 4475K, committed 4480K, reserved 1048576K
}
Event: 196.702 GC heap after
{Heap after GC invocations=23 (full 0):
 garbage-first heap   total 129024K, used 49145K [0x00000000c0000000, 0x0000000100000000)
  region size 1024K, 4 young (4096K), 4 survivors (4096K)
 Metaspace       used 43431K, capacity 44352K, committed 44592K, reserved 1089536K
  class space    used 4094K, capacity 4475K, committed 4480K, reserved 1048576K
}
Event: 198.083 GC heap before
{Heap before GC invocations=23 (full 0):
 garbage-first heap   total 129024K, used 108537K [0x00000000c0000000, 0x0000000100000000)
  region size 1024K, 62 young (63488K), 4 survivors (4096K)
 Metaspace       used 43452K, capacity 44352K, committed 44592K, reserved 1089536K
  class space    used 4094K, capacity 4475K, committed 4480K, reserved 1048576K
}
Event: 198.087 GC heap after
{Heap after GC invocations=24 (full 0):
 garbage-first heap   total 129024K, used 40219K [0x00000000c0000000, 0x0000000100000000)
  region size 1024K, 5 young (5120K), 5 survivors (5120K)
 Metaspace       used 43452K, capacity 44352K, committed 44592K, reserved 1089536K
  class space    used 4094K, capacity 4475K, committed 4480K, reserved 1048576K
}
Event: 209.522 GC heap before
{Heap before GC invocations=24 (full 0):
 garbage-first heap   total 129024K, used 79131K [0x00000000c0000000, 0x0000000100000000)
  region size 1024K, 44 young (45056K), 5 survivors (5120K)
 Metaspace       used 43632K, capacity 44640K, committed 44668K, reserved 1089536K
  class space    used 4123K, capacity 4528K, committed 4556K, reserved 1048576K
}
Event: 209.529 GC heap after
{Heap after GC invocations=25 (full 0):
 garbage-first heap   total 129024K, used 40934K [0x00000000c0000000, 0x0000000100000000)
  region size 1024K, 5 young (5120K), 5 survivors (5120K)
 Metaspace       used 43632K, capacity 44640K, committed 44668K, reserved 1089536K
  class space    used 4123K, capacity 4528K, committed 4556K, reserved 1048576K
}

