# JRE version: Java(TM) SE Runtime Environment 18.9 (11.0.10+8) (build 11.0.10+8-LTS-162)
# Java VM: Java HotSpot(TM) 64-Bit Server VM 18.9 (11.0.10+8-LTS-162, mixed mode, tiered, compressed oops, g1 gc, windows-amd64)
Heap:
 garbage-first heap   total 129024K, used 58315K [0x00000000c0000000, 0x0000000100000000)
  region size 1024K, 33 young (33792K), 2 survivors (2048K)
 Metaspace       used 45598K, capacity 47077K, committed 47228K, reserved 1091584K
  class space    used 4836K, capacity 5492K, committed 5580K, reserved 1048576K
GC Heap History (10 events):
Event: 6.687 GC heap before
{Heap before GC invocations=5 (full 0):
 garbage-first heap   total 129024K, used 79682K [0x00000000c0000000, 0x0000000100000000)
  region size 1024K, 75 young (76800K), 4 survivors (4096K)
 Metaspace       used 27671K, capacity 28184K, committed 28412K, reserved 1075200K
  class space    used 2619K, capacity 2862K, committed 2892K, reserved 1048576K
}
Event: 6.695 GC heap after
{Heap after GC invocations=6 (full 0):
 garbage-first heap   total 129024K, used 7395K [0x00000000c0000000, 0x0000000100000000)
  region size 1024K, 5 young (5120K), 5 survivors (5120K)
 Metaspace       used 27671K, capacity 28184K, committed 28412K, reserved 1075200K
  class space    used 2619K, capacity 2862K, committed 2892K, reserved 1048576K
}
Event: 6.847 GC heap before
{Heap before GC invocations=6 (full 0):
 garbage-first heap   total 129024K, used 79075K [0x00000000c0000000, 0x0000000100000000)
  region size 1024K, 75 young (76800K), 5 survivors (5120K)
 Metaspace       used 27962K, capacity 28500K, committed 28796K, reserved 1075200K
  class space    used 2642K, capacity 2898K, committed 3020K, reserved 1048576K
}
Event: 6.854 GC heap after
{Heap after GC invocations=7 (full 0):
 garbage-first heap   total 129024K, used 7707K [0x00000000c0000000, 0x0000000100000000)
  region size 1024K, 5 young (5120K), 5 survivors (5120K)
 Metaspace       used 27962K, capacity 28500K, committed 28796K, reserved 1075200K
  class space    used 2642K, capacity 2898K, committed 3020K, reserved 1048576K
}
Event: 7.815 GC heap before
{Heap before GC invocations=7 (full 0):
 garbage-first heap   total 129024K, used 51739K [0x00000000c0000000, 0x0000000100000000)
  region size 1024K, 49 young (50176K), 5 survivors (5120K)
 Metaspace       used 35241K, capacity 35858K, committed 35964K, reserved 1081344K
  class space    used 3453K, capacity 3699K, committed 3788K, reserved 1048576K
}
Event: 7.837 GC heap after
{Heap after GC invocations=8 (full 0):
 garbage-first heap   total 129024K, used 10158K [0x00000000c0000000, 0x0000000100000000)
  region size 1024K, 8 young (8192K), 8 survivors (8192K)
 Metaspace       used 35241K, capacity 35858K, committed 35964K, reserved 1081344K
  class space    used 3453K, capacity 3699K, committed 3788K, reserved 1048576K
}
Event: 12.353 GC heap before
{Heap before GC invocations=9 (full 0):
 garbage-first heap   total 129024K, used 82862K [0x00000000c0000000, 0x0000000100000000)
  region size 1024K, 75 young (76800K), 8 survivors (8192K)
 Metaspace       used 43318K, capacity 44112K, committed 44412K, reserved 1089536K
  class space    used 4409K, capacity 4739K, committed 4812K, reserved 1048576K
}
Event: 12.370 GC heap after
{Heap after GC invocations=10 (full 0):
 garbage-first heap   total 129024K, used 26995K [0x00000000c0000000, 0x0000000100000000)
  region size 1024K, 10 young (10240K), 10 survivors (10240K)
 Metaspace       used 43318K, capacity 44112K, committed 44412K, reserved 1089536K
  class space    used 4409K, capacity 4739K, committed 4812K, reserved 1048576K
}
Event: 16.753 GC heap before
{Heap before GC invocations=10 (full 0):
 garbage-first heap   total 129024K, used 91507K [0x00000000c0000000, 0x0000000100000000)
  region size 1024K, 73 young (74752K), 10 survivors (10240K)
 Metaspace       used 43741K, capacity 44528K, committed 44668K, reserved 1089536K
  class space    used 4442K, capacity 4771K, committed 4812K, reserved 1048576K
}
Event: 16.762 GC heap after
{Heap after GC invocations=11 (full 0):
 garbage-first heap   total 129024K, used 27595K [0x00000000c0000000, 0x0000000100000000)
  region size 1024K, 2 young (2048K), 2 survivors (2048K)
 Metaspace       used 43741K, capacity 44528K, committed 44668K, reserved 1089536K
  class space    used 4442K, capacity 4771K, committed 4812K, reserved 1048576K
}

