# JRE version: Java(TM) SE Runtime Environment 18.9 (11.0.10+8) (build 11.0.10+8-LTS-162)
# Java VM: Java HotSpot(TM) 64-Bit Server VM 18.9 (11.0.10+8-LTS-162, mixed mode, tiered, compressed oops, g1 gc, windows-amd64)
Heap:
 garbage-first heap   total 129024K, used 86156K [0x00000000c0000000, 0x0000000100000000)
  region size 1024K, 70 young (71680K), 10 survivors (10240K)
 Metaspace       used 45231K, capacity 46466K, committed 46672K, reserved 1091584K
  class space    used 4734K, capacity 5274K, committed 5280K, reserved 1048576K
GC Heap History (10 events):
Event: 4.723 GC heap before
{Heap before GC invocations=4 (full 0):
 garbage-first heap   total 129024K, used 76400K [0x00000000c0000000, 0x0000000100000000)
  region size 1024K, 75 young (76800K), 7 survivors (7168K)
 Metaspace       used 26927K, capacity 27413K, committed 27644K, reserved 1075200K
  class space    used 2575K, capacity 2797K, committed 2892K, reserved 1048576K
}
Event: 4.738 GC heap after
{Heap after GC invocations=5 (full 0):
 garbage-first heap   total 129024K, used 7312K [0x00000000c0000000, 0x0000000100000000)
  region size 1024K, 5 young (5120K), 5 survivors (5120K)
 Metaspace       used 26927K, capacity 27413K, committed 27644K, reserved 1075200K
  class space    used 2575K, capacity 2797K, committed 2892K, reserved 1048576K
}
Event: 4.829 GC heap before
{Heap before GC invocations=5 (full 0):
 garbage-first heap   total 129024K, used 78992K [0x00000000c0000000, 0x0000000100000000)
  region size 1024K, 75 young (76800K), 5 survivors (5120K)
 Metaspace       used 27561K, capacity 28120K, committed 28412K, reserved 1075200K
  class space    used 2617K, capacity 2862K, committed 2892K, reserved 1048576K
}
Event: 4.836 GC heap after
{Heap after GC invocations=6 (full 0):
 garbage-first heap   total 129024K, used 7695K [0x00000000c0000000, 0x0000000100000000)
  region size 1024K, 5 young (5120K), 5 survivors (5120K)
 Metaspace       used 27561K, capacity 28120K, committed 28412K, reserved 1075200K
  class space    used 2617K, capacity 2862K, committed 2892K, reserved 1048576K
}
Event: 4.911 GC heap before
{Heap before GC invocations=6 (full 0):
 garbage-first heap   total 129024K, used 78351K [0x00000000c0000000, 0x0000000100000000)
  region size 1024K, 75 young (76800K), 5 survivors (5120K)
 Metaspace       used 27980K, capacity 28496K, committed 28796K, reserved 1075200K
  class space    used 2658K, capacity 2898K, committed 3020K, reserved 1048576K
}
Event: 4.918 GC heap after
{Heap after GC invocations=7 (full 0):
 garbage-first heap   total 129024K, used 7804K [0x00000000c0000000, 0x0000000100000000)
  region size 1024K, 5 young (5120K), 5 survivors (5120K)
 Metaspace       used 27980K, capacity 28496K, committed 28796K, reserved 1075200K
  class space    used 2658K, capacity 2898K, committed 3020K, reserved 1048576K
}
Event: 5.647 GC heap before
{Heap before GC invocations=7 (full 0):
 garbage-first heap   total 129024K, used 51836K [0x00000000c0000000, 0x0000000100000000)
  region size 1024K, 49 young (50176K), 5 survivors (5120K)
 Metaspace       used 35247K, capacity 35909K, committed 36048K, reserved 1081344K
  class space    used 3501K, capacity 3777K, committed 3872K, reserved 1048576K
}
Event: 5.662 GC heap after
{Heap after GC invocations=8 (full 0):
 garbage-first heap   total 129024K, used 10026K [0x00000000c0000000, 0x0000000100000000)
  region size 1024K, 7 young (7168K), 7 survivors (7168K)
 Metaspace       used 35247K, capacity 35909K, committed 36048K, reserved 1081344K
  class space    used 3501K, capacity 3777K, committed 3872K, reserved 1048576K
}
Event: 9.537 GC heap before
{Heap before GC invocations=9 (full 0):
 garbage-first heap   total 129024K, used 83754K [0x00000000c0000000, 0x0000000100000000)
  region size 1024K, 75 young (76800K), 7 survivors (7168K)
 Metaspace       used 43774K, capacity 44631K, committed 44752K, reserved 1089536K
  class space    used 4480K, capacity 4826K, committed 4896K, reserved 1048576K
}
Event: 9.552 GC heap after
{Heap after GC invocations=10 (full 0):
 garbage-first heap   total 129024K, used 26764K [0x00000000c0000000, 0x0000000100000000)
  region size 1024K, 10 young (10240K), 10 survivors (10240K)
 Metaspace       used 43774K, capacity 44631K, committed 44752K, reserved 1089536K
  class space    used 4480K, capacity 4826K, committed 4896K, reserved 1048576K
}

